2025-01-28 12:49:14 [INFO] Requested URL : /
2025-01-28 12:49:14 [INFO] x-api-key : undefined
2025-01-28 13:34:41 [INFO] Requested URL : /
2025-01-28 13:34:41 [INFO] x-api-key : YP
2025-01-28 13:34:41 [INFO] start execute: select userid, username, passwd FROM adm_user where userid = :userid
2025-01-28 13:54:09 [INFO] Requested URL : /
2025-01-28 13:54:09 [INFO] x-api-key : YP
2025-01-28 13:54:09 [INFO] start execute: select userid, username, passwd FROM adm_user
2025-01-28 13:58:46 [INFO] Server is running on port:3000
2025-01-28 13:58:46 [INFO]   _   _      _ _        __   __                      ____                         _ _ 
 | | | | ___| | | ___   \ \ / /__  _   _ _ __   __ _|  _ \ ___   ___  _ __   __ _| | |
 | |_| |/ _ \ | |/ _ \   \ V / _ \| | | | '_ \ / _` | |_) / _ \ / _ \| '_ \ / _` | | |
 |  _  |  __/ | | (_) |   | | (_) | |_| | | | | (_| |  __/ (_) | (_) | | | | (_| |_|_|
 |_| |_|\___|_|_|\___/    |_|\___/ \__,_|_| |_|\__, |_|   \___/ \___/|_| |_|\__, (_|_)
                                               |___/                        |___/     
2025-01-28 13:58:57 [INFO] Requested URL : /
2025-01-28 13:59:49 [INFO] Server is running on port:3000
2025-01-28 13:59:49 [INFO]   _   _      _ _        __   __                      ____                         _ _ 
 | | | | ___| | | ___   \ \ / /__  _   _ _ __   __ _|  _ \ ___   ___  _ __   __ _| | |
 | |_| |/ _ \ | |/ _ \   \ V / _ \| | | | '_ \ / _` | |_) / _ \ / _ \| '_ \ / _` | | |
 |  _  |  __/ | | (_) |   | | (_) | |_| | | | | (_| |  __/ (_) | (_) | | | | (_| |_|_|
 |_| |_|\___|_|_|\___/    |_|\___/ \__,_|_| |_|\__, |_|   \___/ \___/|_| |_|\__, (_|_)
                                               |___/                        |___/     
2025-01-28 14:00:17 [INFO] Requested URL : /
2025-01-28 14:00:43 [INFO] Server is running on port:3000
2025-01-28 14:00:43 [INFO]   _   _      _ _        __   __                      ____                         _ _ 
 | | | | ___| | | ___   \ \ / /__  _   _ _ __   __ _|  _ \ ___   ___  _ __   __ _| | |
 | |_| |/ _ \ | |/ _ \   \ V / _ \| | | | '_ \ / _` | |_) / _ \ / _ \| '_ \ / _` | | |
 |  _  |  __/ | | (_) |   | | (_) | |_| | | | | (_| |  __/ (_) | (_) | | | | (_| |_|_|
 |_| |_|\___|_|_|\___/    |_|\___/ \__,_|_| |_|\__, |_|   \___/ \___/|_| |_|\__, (_|_)
                                               |___/                        |___/     
2025-01-28 14:00:47 [INFO] Requested URL : /
2025-01-28 14:00:47 [INFO] x-api-key : YP
2025-01-28 14:00:47 [INFO] start execute: [object Object]
2025-01-28 14:00:47 [INFO] start execute: select userid, username, passwd FROM adm_user
2025-01-28 14:02:29 [INFO] Server is running on port:3000
2025-01-28 14:02:29 [INFO]   _   _      _ _        __   __                      ____                         _ _ 
 | | | | ___| | | ___   \ \ / /__  _   _ _ __   __ _|  _ \ ___   ___  _ __   __ _| | |
 | |_| |/ _ \ | |/ _ \   \ V / _ \| | | | '_ \ / _` | |_) / _ \ / _ \| '_ \ / _` | | |
 |  _  |  __/ | | (_) |   | | (_) | |_| | | | | (_| |  __/ (_) | (_) | | | | (_| |_|_|
 |_| |_|\___|_|_|\___/    |_|\___/ \__,_|_| |_|\__, |_|   \___/ \___/|_| |_|\__, (_|_)
                                               |___/                        |___/     
2025-01-28 14:02:35 [INFO] Requested URL : /
2025-01-28 14:02:35 [INFO] x-api-key : YP
2025-01-28 14:02:35 [INFO] start execute: undefined
2025-01-28 14:02:35 [INFO] start execute: select userid, username, passwd FROM adm_user
2025-01-28 14:02:49 [INFO] Server is running on port:3000
2025-01-28 14:02:49 [INFO]   _   _      _ _        __   __                      ____                         _ _ 
 | | | | ___| | | ___   \ \ / /__  _   _ _ __   __ _|  _ \ ___   ___  _ __   __ _| | |
 | |_| |/ _ \ | |/ _ \   \ V / _ \| | | | '_ \ / _` | |_) / _ \ / _ \| '_ \ / _` | | |
 |  _  |  __/ | | (_) |   | | (_) | |_| | | | | (_| |  __/ (_) | (_) | | | | (_| |_|_|
 |_| |_|\___|_|_|\___/    |_|\___/ \__,_|_| |_|\__, |_|   \___/ \___/|_| |_|\__, (_|_)
                                               |___/                        |___/     
2025-01-28 14:02:52 [INFO] Requested URL : /
2025-01-28 14:02:52 [INFO] x-api-key : YP
2025-01-28 14:02:52 [INFO] start execute: undefined
2025-01-28 14:02:52 [INFO] start execute: select userid, username, passwd FROM adm_user
2025-01-28 14:03:01 [INFO] Server is running on port:3000
2025-01-28 14:03:01 [INFO]   _   _      _ _        __   __                      ____                         _ _ 
 | | | | ___| | | ___   \ \ / /__  _   _ _ __   __ _|  _ \ ___   ___  _ __   __ _| | |
 | |_| |/ _ \ | |/ _ \   \ V / _ \| | | | '_ \ / _` | |_) / _ \ / _ \| '_ \ / _` | | |
 |  _  |  __/ | | (_) |   | | (_) | |_| | | | | (_| |  __/ (_) | (_) | | | | (_| |_|_|
 |_| |_|\___|_|_|\___/    |_|\___/ \__,_|_| |_|\__, |_|   \___/ \___/|_| |_|\__, (_|_)
                                               |___/                        |___/     
2025-01-28 14:03:04 [INFO] Requested URL : /
2025-01-28 14:03:04 [INFO] x-api-key : YP
2025-01-28 14:03:04 [INFO] start execute: undefined
2025-01-28 14:03:05 [INFO] start execute: select userid, username, passwd FROM adm_user
2025-01-28 14:05:07 [INFO] Server is running on port:3000
2025-01-28 14:05:07 [INFO]   _   _      _ _        __   __                      ____                         _ _ 
 | | | | ___| | | ___   \ \ / /__  _   _ _ __   __ _|  _ \ ___   ___  _ __   __ _| | |
 | |_| |/ _ \ | |/ _ \   \ V / _ \| | | | '_ \ / _` | |_) / _ \ / _ \| '_ \ / _` | | |
 |  _  |  __/ | | (_) |   | | (_) | |_| | | | | (_| |  __/ (_) | (_) | | | | (_| |_|_|
 |_| |_|\___|_|_|\___/    |_|\___/ \__,_|_| |_|\__, |_|   \___/ \___/|_| |_|\__, (_|_)
                                               |___/                        |___/     
2025-01-28 14:05:12 [INFO] Requested URL : /
2025-01-28 14:05:12 [INFO] x-api-key : YP
2025-01-28 14:05:12 [INFO] {
  "id": "jminzzang",
  "pw": "1111"
}
2025-01-28 14:05:12 [INFO] start execute: select userid, username, passwd FROM adm_user
2025-01-28 14:08:04 [INFO] Server is running on port:3000
2025-01-28 14:08:04 [INFO]   _   _      _ _        __   __                      ____                         _ _ 
 | | | | ___| | | ___   \ \ / /__  _   _ _ __   __ _|  _ \ ___   ___  _ __   __ _| | |
 | |_| |/ _ \ | |/ _ \   \ V / _ \| | | | '_ \ / _` | |_) / _ \ / _ \| '_ \ / _` | | |
 |  _  |  __/ | | (_) |   | | (_) | |_| | | | | (_| |  __/ (_) | (_) | | | | (_| |_|_|
 |_| |_|\___|_|_|\___/    |_|\___/ \__,_|_| |_|\__, |_|   \___/ \___/|_| |_|\__, (_|_)
                                               |___/                        |___/     
2025-01-28 14:08:12 [INFO] Requested URL : /
2025-01-28 14:08:12 [INFO] x-api-key : YP
2025-01-28 14:08:12 [INFO] id = jminzzang
2025-01-28 14:08:12 [INFO] pw = 1111
2025-01-28 14:08:12 [INFO] {
  "id": "jminzzang",
  "pw": "1111"
}
2025-01-28 14:08:12 [INFO] start execute: select userid, username, passwd FROM adm_user
2025-01-28 14:27:13 [INFO] Server is running on port:3000
2025-01-28 14:27:13 [INFO]   _   _      _ _        __   __                      ____                         _ _ 
 | | | | ___| | | ___   \ \ / /__  _   _ _ __   __ _|  _ \ ___   ___  _ __   __ _| | |
 | |_| |/ _ \ | |/ _ \   \ V / _ \| | | | '_ \ / _` | |_) / _ \ / _ \| '_ \ / _` | | |
 |  _  |  __/ | | (_) |   | | (_) | |_| | | | | (_| |  __/ (_) | (_) | | | | (_| |_|_|
 |_| |_|\___|_|_|\___/    |_|\___/ \__,_|_| |_|\__, |_|   \___/ \___/|_| |_|\__, (_|_)
                                               |___/                        |___/     
2025-01-28 14:32:57 [INFO] Server is running on port:3000
2025-01-28 14:32:57 [INFO]   _   _      _ _        __   __                      ____                         _ _ 
 | | | | ___| | | ___   \ \ / /__  _   _ _ __   __ _|  _ \ ___   ___  _ __   __ _| | |
 | |_| |/ _ \ | |/ _ \   \ V / _ \| | | | '_ \ / _` | |_) / _ \ / _ \| '_ \ / _` | | |
 |  _  |  __/ | | (_) |   | | (_) | |_| | | | | (_| |  __/ (_) | (_) | | | | (_| |_|_|
 |_| |_|\___|_|_|\___/    |_|\___/ \__,_|_| |_|\__, |_|   \___/ \___/|_| |_|\__, (_|_)
                                               |___/                        |___/     
2025-01-28 14:33:04 [INFO] Requested URL : /
2025-01-28 14:33:04 [INFO] x-api-key : YP
2025-01-28 14:33:04 [INFO] id = jminzzang
2025-01-28 14:33:04 [INFO] pw = 1111
2025-01-28 14:33:39 [INFO] Server is running on port:3000
2025-01-28 14:33:39 [INFO]   _   _      _ _        __   __                      ____                         _ _ 
 | | | | ___| | | ___   \ \ / /__  _   _ _ __   __ _|  _ \ ___   ___  _ __   __ _| | |
 | |_| |/ _ \ | |/ _ \   \ V / _ \| | | | '_ \ / _` | |_) / _ \ / _ \| '_ \ / _` | | |
 |  _  |  __/ | | (_) |   | | (_) | |_| | | | | (_| |  __/ (_) | (_) | | | | (_| |_|_|
 |_| |_|\___|_|_|\___/    |_|\___/ \__,_|_| |_|\__, |_|   \___/ \___/|_| |_|\__, (_|_)
                                               |___/                        |___/     
2025-01-28 14:33:42 [INFO] Requested URL : /
2025-01-28 14:33:42 [INFO] x-api-key : YP
2025-01-28 14:33:42 [INFO] id = jminzzang
2025-01-28 14:33:42 [INFO] pw = 1111
2025-01-28 14:38:04 [INFO] Server is running on port:3000
2025-01-28 14:38:04 [INFO]   _   _      _ _        __   __                      ____                         _ _ 
 | | | | ___| | | ___   \ \ / /__  _   _ _ __   __ _|  _ \ ___   ___  _ __   __ _| | |
 | |_| |/ _ \ | |/ _ \   \ V / _ \| | | | '_ \ / _` | |_) / _ \ / _ \| '_ \ / _` | | |
 |  _  |  __/ | | (_) |   | | (_) | |_| | | | | (_| |  __/ (_) | (_) | | | | (_| |_|_|
 |_| |_|\___|_|_|\___/    |_|\___/ \__,_|_| |_|\__, |_|   \___/ \___/|_| |_|\__, (_|_)
                                               |___/                        |___/     
2025-01-28 14:38:10 [INFO] Requested URL : /
2025-01-28 14:38:10 [INFO] x-api-key : YP
2025-01-28 14:38:10 [INFO] id = jminzzang
2025-01-28 14:38:10 [INFO] pw = 1111
2025-01-28 14:39:17 [INFO] Server is running on port:3000
2025-01-28 14:39:17 [INFO]   _   _      _ _        __   __                      ____                         _ _ 
 | | | | ___| | | ___   \ \ / /__  _   _ _ __   __ _|  _ \ ___   ___  _ __   __ _| | |
 | |_| |/ _ \ | |/ _ \   \ V / _ \| | | | '_ \ / _` | |_) / _ \ / _ \| '_ \ / _` | | |
 |  _  |  __/ | | (_) |   | | (_) | |_| | | | | (_| |  __/ (_) | (_) | | | | (_| |_|_|
 |_| |_|\___|_|_|\___/    |_|\___/ \__,_|_| |_|\__, |_|   \___/ \___/|_| |_|\__, (_|_)
                                               |___/                        |___/     
2025-01-28 14:39:20 [INFO] Requested URL : /
2025-01-28 14:39:20 [INFO] x-api-key : YP
2025-01-28 14:39:20 [INFO] id = jminzzang
2025-01-28 14:39:20 [INFO] pw = 1111
2025-01-28 14:39:59 [INFO] Server is running on port:3000
2025-01-28 14:39:59 [INFO]   _   _      _ _        __   __                      ____                         _ _ 
 | | | | ___| | | ___   \ \ / /__  _   _ _ __   __ _|  _ \ ___   ___  _ __   __ _| | |
 | |_| |/ _ \ | |/ _ \   \ V / _ \| | | | '_ \ / _` | |_) / _ \ / _ \| '_ \ / _` | | |
 |  _  |  __/ | | (_) |   | | (_) | |_| | | | | (_| |  __/ (_) | (_) | | | | (_| |_|_|
 |_| |_|\___|_|_|\___/    |_|\___/ \__,_|_| |_|\__, |_|   \___/ \___/|_| |_|\__, (_|_)
                                               |___/                        |___/     
2025-01-28 14:40:02 [INFO] Requested URL : /
2025-01-28 14:40:02 [INFO] x-api-key : YP
2025-01-28 14:40:02 [INFO] id = jminzzang
2025-01-28 14:40:02 [INFO] pw = 1111
2025-01-28 14:41:56 [INFO] Server is running on port:3000
2025-01-28 14:41:56 [INFO]   _   _      _ _        __   __                      ____                         _ _ 
 | | | | ___| | | ___   \ \ / /__  _   _ _ __   __ _|  _ \ ___   ___  _ __   __ _| | |
 | |_| |/ _ \ | |/ _ \   \ V / _ \| | | | '_ \ / _` | |_) / _ \ / _ \| '_ \ / _` | | |
 |  _  |  __/ | | (_) |   | | (_) | |_| | | | | (_| |  __/ (_) | (_) | | | | (_| |_|_|
 |_| |_|\___|_|_|\___/    |_|\___/ \__,_|_| |_|\__, |_|   \___/ \___/|_| |_|\__, (_|_)
                                               |___/                        |___/     
2025-01-28 14:42:01 [INFO] Requested URL : /
2025-01-28 14:42:01 [INFO] x-api-key : YP
2025-01-28 14:42:01 [INFO] userId: jminzzang
2025-01-28 14:42:01 [INFO] pwd: 1111
2025-01-28 14:43:04 [INFO] Requested URL : /
2025-01-28 14:43:04 [INFO] x-api-key : YP
2025-01-28 14:43:04 [INFO] userId: jminzzang
2025-01-28 14:43:04 [INFO] pwd: 1111
2025-01-28 14:45:41 [INFO] Server is running on port:3000
2025-01-28 14:45:41 [INFO]   _   _      _ _        __   __                      ____                         _ _ 
 | | | | ___| | | ___   \ \ / /__  _   _ _ __   __ _|  _ \ ___   ___  _ __   __ _| | |
 | |_| |/ _ \ | |/ _ \   \ V / _ \| | | | '_ \ / _` | |_) / _ \ / _ \| '_ \ / _` | | |
 |  _  |  __/ | | (_) |   | | (_) | |_| | | | | (_| |  __/ (_) | (_) | | | | (_| |_|_|
 |_| |_|\___|_|_|\___/    |_|\___/ \__,_|_| |_|\__, |_|   \___/ \___/|_| |_|\__, (_|_)
                                               |___/                        |___/     
2025-01-28 14:45:51 [INFO] Requested URL : /
2025-01-28 14:45:51 [INFO] x-api-key : YP
2025-01-28 14:45:51 [INFO] userId: jminzzang
2025-01-28 14:45:51 [INFO] pwd: 1111
2025-01-28 14:45:51 [INFO] sp_login end
2025-01-28 14:46:47 [INFO] Server is running on port:3000
2025-01-28 14:46:47 [INFO]   _   _      _ _        __   __                      ____                         _ _ 
 | | | | ___| | | ___   \ \ / /__  _   _ _ __   __ _|  _ \ ___   ___  _ __   __ _| | |
 | |_| |/ _ \ | |/ _ \   \ V / _ \| | | | '_ \ / _` | |_) / _ \ / _ \| '_ \ / _` | | |
 |  _  |  __/ | | (_) |   | | (_) | |_| | | | | (_| |  __/ (_) | (_) | | | | (_| |_|_|
 |_| |_|\___|_|_|\___/    |_|\___/ \__,_|_| |_|\__, |_|   \___/ \___/|_| |_|\__, (_|_)
                                               |___/                        |___/     
2025-01-28 14:46:52 [INFO] Requested URL : /
2025-01-28 14:46:52 [INFO] x-api-key : YP
2025-01-28 14:46:52 [INFO] userId: jminzzang
2025-01-28 14:46:52 [INFO] pwd: 1111
2025-01-28 14:46:52 [INFO] sp_login end
2025-01-28 14:46:52 [INFO] clob : undefined
2025-01-28 14:47:15 [INFO] Server is running on port:3000
2025-01-28 14:47:15 [INFO]   _   _      _ _        __   __                      ____                         _ _ 
 | | | | ___| | | ___   \ \ / /__  _   _ _ __   __ _|  _ \ ___   ___  _ __   __ _| | |
 | |_| |/ _ \ | |/ _ \   \ V / _ \| | | | '_ \ / _` | |_) / _ \ / _ \| '_ \ / _` | | |
 |  _  |  __/ | | (_) |   | | (_) | |_| | | | | (_| |  __/ (_) | (_) | | | | (_| |_|_|
 |_| |_|\___|_|_|\___/    |_|\___/ \__,_|_| |_|\__, |_|   \___/ \___/|_| |_|\__, (_|_)
                                               |___/                        |___/     
2025-01-28 14:47:18 [INFO] Requested URL : /
2025-01-28 14:47:18 [INFO] x-api-key : YP
2025-01-28 14:47:18 [INFO] userId: jminzzang
2025-01-28 14:47:18 [INFO] pwd: 1111
2025-01-28 14:47:18 [INFO] sp_login end
2025-01-28 14:47:18 [INFO] clob : [object Object]
2025-01-28 14:48:29 [INFO] Server is running on port:3000
2025-01-28 14:48:29 [INFO]   _   _      _ _        __   __                      ____                         _ _ 
 | | | | ___| | | ___   \ \ / /__  _   _ _ __   __ _|  _ \ ___   ___  _ __   __ _| | |
 | |_| |/ _ \ | |/ _ \   \ V / _ \| | | | '_ \ / _` | |_) / _ \ / _ \| '_ \ / _` | | |
 |  _  |  __/ | | (_) |   | | (_) | |_| | | | | (_| |  __/ (_) | (_) | | | | (_| |_|_|
 |_| |_|\___|_|_|\___/    |_|\___/ \__,_|_| |_|\__, |_|   \___/ \___/|_| |_|\__, (_|_)
                                               |___/                        |___/     
2025-01-28 14:48:33 [INFO] Requested URL : /
2025-01-28 14:48:33 [INFO] x-api-key : YP
2025-01-28 14:48:33 [INFO] userId: jminzzang
2025-01-28 14:48:33 [INFO] pwd: 1111
2025-01-28 14:48:33 [INFO] sp_login end
2025-01-28 14:48:33 [INFO] clob : [object Object]
2025-01-28 14:49:17 [INFO] Requested URL : /
2025-01-28 14:49:17 [INFO] x-api-key : YP
2025-01-28 14:49:17 [INFO] userId: jminzzang
2025-01-28 14:49:17 [INFO] pwd: 1111
2025-01-28 14:49:17 [INFO] sp_login end
2025-01-28 14:49:17 [INFO] clob : [object Object]
2025-01-28 14:50:23 [INFO] Server is running on port:3000
2025-01-28 14:50:23 [INFO]   _   _      _ _        __   __                      ____                         _ _ 
 | | | | ___| | | ___   \ \ / /__  _   _ _ __   __ _|  _ \ ___   ___  _ __   __ _| | |
 | |_| |/ _ \ | |/ _ \   \ V / _ \| | | | '_ \ / _` | |_) / _ \ / _ \| '_ \ / _` | | |
 |  _  |  __/ | | (_) |   | | (_) | |_| | | | | (_| |  __/ (_) | (_) | | | | (_| |_|_|
 |_| |_|\___|_|_|\___/    |_|\___/ \__,_|_| |_|\__, |_|   \___/ \___/|_| |_|\__, (_|_)
                                               |___/                        |___/     
2025-01-28 14:50:30 [INFO] Requested URL : /
2025-01-28 14:50:30 [INFO] x-api-key : YP
2025-01-28 14:50:30 [INFO] userId: jminzzang
2025-01-28 14:50:30 [INFO] pwd: 1111
2025-01-28 14:50:30 [INFO] sp_login end
2025-01-28 14:50:30 [INFO] clob : [object Object]
2025-01-28 14:50:52 [INFO] Server is running on port:3000
2025-01-28 14:50:52 [INFO]   _   _      _ _        __   __                      ____                         _ _ 
 | | | | ___| | | ___   \ \ / /__  _   _ _ __   __ _|  _ \ ___   ___  _ __   __ _| | |
 | |_| |/ _ \ | |/ _ \   \ V / _ \| | | | '_ \ / _` | |_) / _ \ / _ \| '_ \ / _` | | |
 |  _  |  __/ | | (_) |   | | (_) | |_| | | | | (_| |  __/ (_) | (_) | | | | (_| |_|_|
 |_| |_|\___|_|_|\___/    |_|\___/ \__,_|_| |_|\__, |_|   \___/ \___/|_| |_|\__, (_|_)
                                               |___/                        |___/     
2025-01-28 14:50:56 [INFO] Requested URL : /
2025-01-28 14:50:56 [INFO] x-api-key : YP
2025-01-28 14:50:56 [INFO] userId: jminzzang
2025-01-28 14:50:56 [INFO] pwd: 1111
2025-01-28 14:50:56 [INFO] sp_login end
2025-01-28 14:50:56 [INFO] clob : [object Object]
2025-01-28 14:53:01 [INFO] Server is running on port:3000
2025-01-28 14:53:01 [INFO]   _   _      _ _        __   __                      ____                         _ _ 
 | | | | ___| | | ___   \ \ / /__  _   _ _ __   __ _|  _ \ ___   ___  _ __   __ _| | |
 | |_| |/ _ \ | |/ _ \   \ V / _ \| | | | '_ \ / _` | |_) / _ \ / _ \| '_ \ / _` | | |
 |  _  |  __/ | | (_) |   | | (_) | |_| | | | | (_| |  __/ (_) | (_) | | | | (_| |_|_|
 |_| |_|\___|_|_|\___/    |_|\___/ \__,_|_| |_|\__, |_|   \___/ \___/|_| |_|\__, (_|_)
                                               |___/                        |___/     
2025-01-28 14:53:05 [INFO] Requested URL : /
2025-01-28 14:53:05 [INFO] x-api-key : YP
2025-01-28 14:53:05 [INFO] userId: jminzzang
2025-01-28 14:53:05 [INFO] pwd: 1111
2025-01-28 14:53:05 [INFO] sp_login end
2025-01-28 14:53:05 [INFO] clob : [object Object]
2025-01-28 14:55:06 [INFO] Server is running on port:3000
2025-01-28 14:55:06 [INFO]   _   _      _ _        __   __                      ____                         _ _ 
 | | | | ___| | | ___   \ \ / /__  _   _ _ __   __ _|  _ \ ___   ___  _ __   __ _| | |
 | |_| |/ _ \ | |/ _ \   \ V / _ \| | | | '_ \ / _` | |_) / _ \ / _ \| '_ \ / _` | | |
 |  _  |  __/ | | (_) |   | | (_) | |_| | | | | (_| |  __/ (_) | (_) | | | | (_| |_|_|
 |_| |_|\___|_|_|\___/    |_|\___/ \__,_|_| |_|\__, |_|   \___/ \___/|_| |_|\__, (_|_)
                                               |___/                        |___/     
2025-01-28 14:55:15 [INFO] Requested URL : /
2025-01-28 14:55:15 [INFO] x-api-key : YP
2025-01-28 14:55:15 [INFO] userId: jminzzang
2025-01-28 14:55:15 [INFO] pwd: 1111
2025-01-28 14:55:15 [INFO] sp_login end
2025-01-28 14:55:15 [INFO] clob : [object Object]
2025-01-28 14:55:44 [INFO] Requested URL : /
2025-01-28 14:55:44 [INFO] x-api-key : YP
2025-01-28 14:55:45 [INFO] userId: jminzzang
2025-01-28 14:55:45 [INFO] pwd: 1111
2025-01-28 14:55:45 [INFO] sp_login end
2025-01-28 14:55:45 [INFO] clob : [object Object]
2025-01-28 14:56:04 [INFO] Requested URL : /
2025-01-28 14:56:04 [INFO] x-api-key : YP
2025-01-28 14:56:04 [INFO] userId: jminzzang
2025-01-28 14:56:04 [INFO] pwd: 1111
2025-01-28 14:56:04 [INFO] sp_login end
2025-01-28 14:56:04 [INFO] clob : [object Object]
2025-01-28 14:56:27 [INFO] Requested URL : /
2025-01-28 14:56:27 [INFO] x-api-key : YP
2025-01-28 14:56:27 [INFO] userId: jminzzang
2025-01-28 14:56:27 [INFO] pwd: 1111
2025-01-28 14:56:27 [INFO] sp_login end
2025-01-28 14:56:27 [INFO] clob : [object Object]
2025-01-28 14:57:43 [INFO] Requested URL : /
2025-01-28 14:57:43 [INFO] x-api-key : YP
2025-01-28 14:57:43 [INFO] userId: jminzzang
2025-01-28 14:57:43 [INFO] pwd: 1111
2025-01-28 14:57:43 [INFO] sp_login end
2025-01-28 14:57:43 [INFO] clob : [object Object]
2025-01-28 14:58:18 [INFO] Requested URL : /
2025-01-28 14:58:18 [INFO] x-api-key : YP
2025-01-28 14:58:18 [INFO] userId: jminzzang
2025-01-28 14:58:18 [INFO] pwd: 1111
2025-01-28 14:58:18 [INFO] sp_login end
2025-01-28 14:58:18 [INFO] clob : [object Object]
2025-01-28 14:59:08 [INFO] Requested URL : /
2025-01-28 14:59:08 [INFO] x-api-key : YP
2025-01-28 14:59:08 [INFO] userId: jminzzang
2025-01-28 14:59:08 [INFO] pwd: 1111
2025-01-28 14:59:08 [INFO] sp_login end
2025-01-28 14:59:08 [INFO] clob : [object Object]
2025-01-28 14:59:14 [INFO] Requested URL : /
2025-01-28 14:59:14 [INFO] x-api-key : YP
2025-01-28 14:59:14 [INFO] userId: jminzzang
2025-01-28 14:59:14 [INFO] pwd: 1111
2025-01-28 14:59:14 [INFO] sp_login end
2025-01-28 14:59:14 [INFO] clob : [object Object]
2025-01-28 15:00:14 [INFO] Requested URL : /
2025-01-28 15:00:14 [INFO] x-api-key : YP
2025-01-28 15:00:14 [INFO] userId: jminzzang
2025-01-28 15:00:14 [INFO] pwd: 1111
2025-01-28 15:00:14 [INFO] sp_login end
2025-01-28 15:00:14 [INFO] clob : [object Object]
2025-01-28 15:01:36 [INFO] Requested URL : /
2025-01-28 15:01:36 [INFO] x-api-key : YP
2025-01-28 15:01:36 [INFO] userId: jminzzang
2025-01-28 15:01:36 [INFO] pwd: 1111
2025-01-28 15:01:36 [INFO] sp_login end
2025-01-28 15:01:36 [INFO] clob : [object Object]
2025-01-28 15:01:49 [INFO] Requested URL : /
2025-01-28 15:01:49 [INFO] x-api-key : YP
2025-01-28 15:01:49 [INFO] userId: jminzzang
2025-01-28 15:01:49 [INFO] pwd: 1111
2025-01-28 15:01:49 [INFO] sp_login end
2025-01-28 15:01:49 [INFO] clob : [object Object]
2025-01-28 15:02:45 [INFO] Requested URL : /
2025-01-28 15:02:45 [INFO] x-api-key : YP
2025-01-28 15:02:45 [INFO] userId: jminzzang
2025-01-28 15:02:45 [INFO] pwd: 1111
2025-01-28 15:02:45 [INFO] sp_login end
2025-01-28 15:02:45 [INFO] clob : [object Object]
2025-01-28 15:04:02 [INFO] Requested URL : /
2025-01-28 15:04:02 [INFO] x-api-key : YP
2025-01-28 15:04:02 [INFO] userId: jminzzang
2025-01-28 15:04:02 [INFO] pwd: 1111
2025-01-28 15:04:02 [INFO] sp_login end
2025-01-28 15:04:02 [INFO] clob : [object Object]
2025-01-28 15:06:45 [INFO] Requested URL : /
2025-01-28 15:06:45 [INFO] x-api-key : YP
2025-01-28 15:06:45 [INFO] userId: jminzzang
2025-01-28 15:06:45 [INFO] pwd: 1111
2025-01-28 15:06:45 [INFO] sp_login end
2025-01-28 15:06:45 [INFO] clob : [object Object]
2025-01-28 15:11:17 [INFO] Requested URL : /
2025-01-28 15:11:17 [INFO] x-api-key : YP
2025-01-28 15:11:17 [INFO] userId: jminzzang
2025-01-28 15:11:17 [INFO] pwd: 1111
2025-01-28 15:11:17 [INFO] sp_login end
2025-01-28 15:11:17 [INFO] clob : [object Object]
2025-01-28 15:13:02 [INFO] Requested URL : /
2025-01-28 15:13:02 [INFO] x-api-key : YP
2025-01-28 15:13:02 [INFO] userId: jminzzang
2025-01-28 15:13:02 [INFO] pwd: 1111
2025-01-28 15:13:02 [INFO] sp_login end
2025-01-28 15:13:02 [INFO] clob : [object Object]
2025-01-28 15:13:18 [INFO] Requested URL : /
2025-01-28 15:13:18 [INFO] x-api-key : YP
2025-01-28 15:13:19 [INFO] userId: jminzzang
2025-01-28 15:13:19 [INFO] pwd: 1111
2025-01-28 15:13:19 [INFO] sp_login end
2025-01-28 15:13:19 [INFO] clob : [object Object]
2025-01-28 15:35:33 [INFO] Requested URL : /
2025-01-28 15:35:33 [INFO] x-api-key : YP
2025-01-28 15:35:33 [INFO] userId: jminzzang
2025-01-28 15:35:33 [INFO] pwd: 1111
2025-01-28 15:35:33 [INFO] sp_login end
2025-01-28 15:35:33 [INFO] clob : [object Object]
2025-01-28 15:35:43 [INFO] Requested URL : /
2025-01-28 15:35:43 [INFO] x-api-key : YP
2025-01-28 15:35:43 [INFO] userId: jminzzang
2025-01-28 15:35:43 [INFO] pwd: 11111
2025-01-28 15:35:43 [INFO] sp_login end
2025-01-28 15:35:43 [INFO] clob : [object Object]
2025-01-28 15:46:03 [INFO] Requested URL : /
2025-01-28 15:46:03 [INFO] x-api-key : YP
2025-01-28 15:46:03 [INFO] userId: jminzzang
2025-01-28 15:46:03 [INFO] pwd: 11111
2025-01-28 15:46:04 [INFO] sp_login end
2025-01-28 15:46:04 [INFO] clob : [object Object]
2025-01-28 15:46:05 [INFO] Requested URL : /
2025-01-28 15:46:05 [INFO] x-api-key : YP
2025-01-28 15:46:05 [INFO] userId: jminzzang
2025-01-28 15:46:05 [INFO] pwd: 11111
2025-01-28 15:46:05 [INFO] sp_login end
2025-01-28 15:46:05 [INFO] clob : [object Object]
2025-01-28 15:46:07 [INFO] Requested URL : /
2025-01-28 15:46:07 [INFO] x-api-key : YP
2025-01-28 15:46:07 [INFO] userId: jminzzang
2025-01-28 15:46:07 [INFO] pwd: 11111
2025-01-28 15:46:07 [INFO] sp_login end
2025-01-28 15:46:07 [INFO] clob : [object Object]
2025-01-28 15:46:08 [INFO] Requested URL : /
2025-01-28 15:46:08 [INFO] x-api-key : YP
2025-01-28 15:46:08 [INFO] userId: jminzzang
2025-01-28 15:46:08 [INFO] pwd: 11111
2025-01-28 15:46:08 [INFO] sp_login end
2025-01-28 15:46:08 [INFO] clob : [object Object]
2025-01-28 15:46:09 [INFO] Requested URL : /
2025-01-28 15:46:09 [INFO] x-api-key : YP
2025-01-28 15:46:09 [INFO] userId: jminzzang
2025-01-28 15:46:09 [INFO] pwd: 11111
2025-01-28 15:46:09 [INFO] sp_login end
2025-01-28 15:46:09 [INFO] clob : [object Object]
2025-01-28 15:46:09 [INFO] Requested URL : /
2025-01-28 15:46:09 [INFO] x-api-key : YP
2025-01-28 15:46:09 [INFO] userId: jminzzang
2025-01-28 15:46:09 [INFO] pwd: 11111
2025-01-28 15:46:09 [INFO] sp_login end
2025-01-28 15:46:09 [INFO] clob : [object Object]
2025-01-28 15:46:10 [INFO] Requested URL : /
2025-01-28 15:46:10 [INFO] x-api-key : YP
2025-01-28 15:46:10 [INFO] userId: jminzzang
2025-01-28 15:46:10 [INFO] pwd: 11111
2025-01-28 15:46:10 [INFO] sp_login end
2025-01-28 15:46:10 [INFO] clob : [object Object]
2025-01-28 15:46:30 [INFO] Requested URL : /
2025-01-28 15:46:30 [INFO] x-api-key : YP
2025-01-28 15:46:30 [INFO] userId: jminzzang
2025-01-28 15:46:30 [INFO] pwd: 1111
2025-01-28 15:46:30 [INFO] sp_login end
2025-01-28 15:46:30 [INFO] clob : [object Object]
2025-01-28 15:46:58 [INFO] Requested URL : /
2025-01-28 15:46:58 [INFO] x-api-key : YP
2025-01-28 15:46:58 [INFO] userId: jminzzang
2025-01-28 15:46:58 [INFO] pwd: 1111
2025-01-28 15:46:58 [INFO] sp_login end
2025-01-28 15:46:58 [INFO] clob : [object Object]
2025-01-28 15:48:22 [INFO] Requested URL : /
2025-01-28 15:48:22 [INFO] x-api-key : YP
2025-01-28 15:48:22 [INFO] userId: jminzzang
2025-01-28 15:48:22 [INFO] pwd: 1111
2025-01-28 15:48:22 [INFO] sp_login end
2025-01-28 15:48:22 [INFO] clob : [object Object]
2025-01-28 15:50:11 [INFO] Server is running on port:3000
2025-01-28 15:50:11 [INFO]   _   _      _ _        __   __                      ____                         _ _ 
 | | | | ___| | | ___   \ \ / /__  _   _ _ __   __ _|  _ \ ___   ___  _ __   __ _| | |
 | |_| |/ _ \ | |/ _ \   \ V / _ \| | | | '_ \ / _` | |_) / _ \ / _ \| '_ \ / _` | | |
 |  _  |  __/ | | (_) |   | | (_) | |_| | | | | (_| |  __/ (_) | (_) | | | | (_| |_|_|
 |_| |_|\___|_|_|\___/    |_|\___/ \__,_|_| |_|\__, |_|   \___/ \___/|_| |_|\__, (_|_)
                                               |___/                        |___/     
2025-01-28 15:50:15 [INFO] Requested URL : /
2025-01-28 15:50:15 [INFO] x-api-key : YP
2025-01-28 15:51:59 [INFO] Server is running on port:3000
2025-01-28 15:51:59 [INFO]   _   _      _ _        __   __                      ____                         _ _ 
 | | | | ___| | | ___   \ \ / /__  _   _ _ __   __ _|  _ \ ___   ___  _ __   __ _| | |
 | |_| |/ _ \ | |/ _ \   \ V / _ \| | | | '_ \ / _` | |_) / _ \ / _ \| '_ \ / _` | | |
 |  _  |  __/ | | (_) |   | | (_) | |_| | | | | (_| |  __/ (_) | (_) | | | | (_| |_|_|
 |_| |_|\___|_|_|\___/    |_|\___/ \__,_|_| |_|\__, |_|   \___/ \___/|_| |_|\__, (_|_)
                                               |___/                        |___/     
2025-01-28 15:52:02 [INFO] Requested URL : /
2025-01-28 15:52:02 [INFO] x-api-key : YP
2025-01-28 15:52:02 [INFO] req id : jminzzang
2025-01-28 15:52:02 [INFO] req pw : 1111
2025-01-28 15:52:02 [INFO] res JSON.parse(jsonData) : [object Object]
2025-01-28 15:53:07 [INFO] Server is running on port:3000
2025-01-28 15:53:07 [INFO]   _   _      _ _        __   __                      ____                         _ _ 
 | | | | ___| | | ___   \ \ / /__  _   _ _ __   __ _|  _ \ ___   ___  _ __   __ _| | |
 | |_| |/ _ \ | |/ _ \   \ V / _ \| | | | '_ \ / _` | |_) / _ \ / _ \| '_ \ / _` | | |
 |  _  |  __/ | | (_) |   | | (_) | |_| | | | | (_| |  __/ (_) | (_) | | | | (_| |_|_|
 |_| |_|\___|_|_|\___/    |_|\___/ \__,_|_| |_|\__, |_|   \___/ \___/|_| |_|\__, (_|_)
                                               |___/                        |___/     
2025-01-28 15:53:12 [INFO] Requested URL : /
2025-01-28 15:53:12 [INFO] x-api-key : YP
2025-01-28 15:53:12 [INFO] req id : jminzzang
2025-01-28 15:53:12 [INFO] req pw : 1111
2025-01-28 15:53:12 [INFO] req data : [object Object]
2025-01-28 15:56:36 [INFO] Requested URL : /
2025-01-28 15:56:36 [INFO] x-api-key : YP
2025-01-28 15:56:36 [INFO] req id : 1
2025-01-28 15:56:36 [INFO] req pw : 1111
2025-01-28 15:56:36 [INFO] req data : [object Object]
2025-01-28 15:57:03 [INFO] Requested URL : /
2025-01-28 15:57:03 [INFO] x-api-key : YP
2025-01-28 15:57:03 [INFO] req id : 1
2025-01-28 15:57:03 [INFO] req pw : 1111
2025-01-28 15:58:20 [INFO] Server is running on port:3000
2025-01-28 15:58:20 [INFO]   _   _      _ _        __   __                      ____                         _ _ 
 | | | | ___| | | ___   \ \ / /__  _   _ _ __   __ _|  _ \ ___   ___  _ __   __ _| | |
 | |_| |/ _ \ | |/ _ \   \ V / _ \| | | | '_ \ / _` | |_) / _ \ / _ \| '_ \ / _` | | |
 |  _  |  __/ | | (_) |   | | (_) | |_| | | | | (_| |  __/ (_) | (_) | | | | (_| |_|_|
 |_| |_|\___|_|_|\___/    |_|\___/ \__,_|_| |_|\__, |_|   \___/ \___/|_| |_|\__, (_|_)
                                               |___/                        |___/     
2025-01-28 15:58:23 [INFO] Requested URL : /
2025-01-28 15:58:23 [INFO] x-api-key : YP
2025-01-28 15:58:23 [INFO] req id : 1
2025-01-28 15:58:23 [INFO] req pw : 1111
2025-01-28 15:59:32 [INFO] Server is running on port:3000
2025-01-28 15:59:32 [INFO]   _   _      _ _        __   __                      ____                         _ _ 
 | | | | ___| | | ___   \ \ / /__  _   _ _ __   __ _|  _ \ ___   ___  _ __   __ _| | |
 | |_| |/ _ \ | |/ _ \   \ V / _ \| | | | '_ \ / _` | |_) / _ \ / _ \| '_ \ / _` | | |
 |  _  |  __/ | | (_) |   | | (_) | |_| | | | | (_| |  __/ (_) | (_) | | | | (_| |_|_|
 |_| |_|\___|_|_|\___/    |_|\___/ \__,_|_| |_|\__, |_|   \___/ \___/|_| |_|\__, (_|_)
                                               |___/                        |___/     
2025-01-28 15:59:34 [INFO] Requested URL : /
2025-01-28 15:59:34 [INFO] x-api-key : YP
2025-01-28 15:59:34 [INFO] req id : 1
2025-01-28 15:59:34 [INFO] req pw : 1111
2025-01-28 15:59:34 [ERROR] Error calling stored procedure: ORA-06550: 줄 2, 열17:PLS-00905: EDU01.SP_LOGIN 오브젝트가 부당합니다
ORA-06550: 줄 2, 열17:PL/SQL: Statement ignored
Help: https://docs.oracle.com/error-help/db/ora-06550/
2025-01-28 16:01:33 [INFO] Server is running on port:3000
2025-01-28 16:01:33 [INFO]   _   _      _ _        __   __                      ____                         _ _ 
 | | | | ___| | | ___   \ \ / /__  _   _ _ __   __ _|  _ \ ___   ___  _ __   __ _| | |
 | |_| |/ _ \ | |/ _ \   \ V / _ \| | | | '_ \ / _` | |_) / _ \ / _ \| '_ \ / _` | | |
 |  _  |  __/ | | (_) |   | | (_) | |_| | | | | (_| |  __/ (_) | (_) | | | | (_| |_|_|
 |_| |_|\___|_|_|\___/    |_|\___/ \__,_|_| |_|\__, |_|   \___/ \___/|_| |_|\__, (_|_)
                                               |___/                        |___/     
2025-01-28 16:01:35 [INFO] Requested URL : /
2025-01-28 16:01:35 [INFO] x-api-key : YP
2025-01-28 16:01:35 [INFO] req id : 1
2025-01-28 16:01:35 [INFO] req pw : 1111
2025-01-28 16:01:35 [ERROR] Error calling stored procedure: ORA-06550: 줄 2, 열17:PLS-00905: EDU01.SP_LOGIN 오브젝트가 부당합니다
ORA-06550: 줄 2, 열17:PL/SQL: Statement ignored
Help: https://docs.oracle.com/error-help/db/ora-06550/
2025-01-28 16:01:35 [INFO] req data : undefined
2025-01-28 16:02:13 [INFO] Server is running on port:3000
2025-01-28 16:02:13 [INFO]   _   _      _ _        __   __                      ____                         _ _ 
 | | | | ___| | | ___   \ \ / /__  _   _ _ __   __ _|  _ \ ___   ___  _ __   __ _| | |
 | |_| |/ _ \ | |/ _ \   \ V / _ \| | | | '_ \ / _` | |_) / _ \ / _ \| '_ \ / _` | | |
 |  _  |  __/ | | (_) |   | | (_) | |_| | | | | (_| |  __/ (_) | (_) | | | | (_| |_|_|
 |_| |_|\___|_|_|\___/    |_|\___/ \__,_|_| |_|\__, |_|   \___/ \___/|_| |_|\__, (_|_)
                                               |___/                        |___/     
2025-01-28 16:02:15 [INFO] Requested URL : /
2025-01-28 16:02:15 [INFO] x-api-key : YP
2025-01-28 16:02:15 [INFO] req id : 1
2025-01-28 16:02:15 [INFO] req pw : 1111
2025-01-28 16:02:15 [ERROR] Error calling stored procedure: ORA-06550: 줄 2, 열17:PLS-00905: EDU01.SP_LOGIN 오브젝트가 부당합니다
ORA-06550: 줄 2, 열17:PL/SQL: Statement ignored
Help: https://docs.oracle.com/error-help/db/ora-06550/
2025-01-28 16:02:15 [INFO] req data : undefined
2025-01-28 16:03:26 [INFO] Server is running on port:3000
2025-01-28 16:03:26 [INFO]   _   _      _ _        __   __                      ____                         _ _ 
 | | | | ___| | | ___   \ \ / /__  _   _ _ __   __ _|  _ \ ___   ___  _ __   __ _| | |
 | |_| |/ _ \ | |/ _ \   \ V / _ \| | | | '_ \ / _` | |_) / _ \ / _ \| '_ \ / _` | | |
 |  _  |  __/ | | (_) |   | | (_) | |_| | | | | (_| |  __/ (_) | (_) | | | | (_| |_|_|
 |_| |_|\___|_|_|\___/    |_|\___/ \__,_|_| |_|\__, |_|   \___/ \___/|_| |_|\__, (_|_)
                                               |___/                        |___/     
2025-01-28 16:03:27 [INFO] Requested URL : /
2025-01-28 16:03:27 [INFO] x-api-key : YP
2025-01-28 16:03:27 [INFO] req id : 1
2025-01-28 16:03:27 [INFO] req pw : 1111
2025-01-28 16:03:27 [ERROR] [procedure]Error calling stored procedure: ORA-06550: 줄 2, 열17:PLS-00905: EDU01.SP_LOGIN 오브젝트가 부당합니다
ORA-06550: 줄 2, 열17:PL/SQL: Statement ignored
Help: https://docs.oracle.com/error-help/db/ora-06550/
2025-01-28 16:03:27 [INFO] req data : undefined
2025-01-28 16:04:18 [INFO] Server is running on port:3000
2025-01-28 16:04:18 [INFO]   _   _      _ _        __   __                      ____                         _ _ 
 | | | | ___| | | ___   \ \ / /__  _   _ _ __   __ _|  _ \ ___   ___  _ __   __ _| | |
 | |_| |/ _ \ | |/ _ \   \ V / _ \| | | | '_ \ / _` | |_) / _ \ / _ \| '_ \ / _` | | |
 |  _  |  __/ | | (_) |   | | (_) | |_| | | | | (_| |  __/ (_) | (_) | | | | (_| |_|_|
 |_| |_|\___|_|_|\___/    |_|\___/ \__,_|_| |_|\__, |_|   \___/ \___/|_| |_|\__, (_|_)
                                               |___/                        |___/     
2025-01-28 16:04:19 [INFO] Requested URL : /
2025-01-28 16:04:19 [INFO] x-api-key : YP
2025-01-28 16:04:19 [INFO] req id : 1
2025-01-28 16:04:19 [INFO] req pw : 1111
2025-01-28 16:04:19 [ERROR] [procedure]Error calling stored procedure: ORA-06550: 줄 2, 열17:PLS-00905: EDU01.SP_LOGIN 오브젝트가 부당합니다
ORA-06550: 줄 2, 열17:PL/SQL: Statement ignored
Help: https://docs.oracle.com/error-help/db/ora-06550/
2025-01-28 16:04:19 [INFO] req data : Error: ORA-06550: 줄 2, 열17:PLS-00905: EDU01.SP_LOGIN 오브젝트가 부당합니다
ORA-06550: 줄 2, 열17:PL/SQL: Statement ignored
Help: https://docs.oracle.com/error-help/db/ora-06550/
2025-01-28 16:04:43 [INFO] Requested URL : /
2025-01-28 16:04:43 [INFO] x-api-key : YP
2025-01-28 16:04:43 [INFO] req id : 1
2025-01-28 16:04:43 [INFO] req pw : 1111
2025-01-28 16:04:43 [ERROR] [procedure]Error calling stored procedure: ORA-06550: 줄 2, 열17:PLS-00905: EDU01.SP_LOGIN 오브젝트가 부당합니다
ORA-06550: 줄 2, 열17:PL/SQL: Statement ignored
Help: https://docs.oracle.com/error-help/db/ora-06550/
2025-01-28 16:04:43 [INFO] req data : Error: ORA-06550: 줄 2, 열17:PLS-00905: EDU01.SP_LOGIN 오브젝트가 부당합니다
ORA-06550: 줄 2, 열17:PL/SQL: Statement ignored
Help: https://docs.oracle.com/error-help/db/ora-06550/
2025-01-28 16:05:03 [INFO] Server is running on port:3000
2025-01-28 16:05:03 [INFO]   _   _      _ _        __   __                      ____                         _ _ 
 | | | | ___| | | ___   \ \ / /__  _   _ _ __   __ _|  _ \ ___   ___  _ __   __ _| | |
 | |_| |/ _ \ | |/ _ \   \ V / _ \| | | | '_ \ / _` | |_) / _ \ / _ \| '_ \ / _` | | |
 |  _  |  __/ | | (_) |   | | (_) | |_| | | | | (_| |  __/ (_) | (_) | | | | (_| |_|_|
 |_| |_|\___|_|_|\___/    |_|\___/ \__,_|_| |_|\__, |_|   \___/ \___/|_| |_|\__, (_|_)
                                               |___/                        |___/     
2025-01-28 16:05:05 [INFO] Requested URL : /
2025-01-28 16:05:05 [INFO] x-api-key : YP
2025-01-28 16:05:05 [INFO] req id : 1
2025-01-28 16:05:05 [INFO] req pw : 1111
2025-01-28 16:05:05 [ERROR] [procedure]Error calling stored procedure: ORA-06550: 줄 2, 열17:PLS-00905: EDU01.SP_LOGIN 오브젝트가 부당합니다
ORA-06550: 줄 2, 열17:PL/SQL: Statement ignored
Help: https://docs.oracle.com/error-help/db/ora-06550/
2025-01-28 16:05:05 [INFO] req data : undefined
2025-01-28 16:06:04 [INFO] Server is running on port:3000
2025-01-28 16:06:04 [INFO]   _   _      _ _        __   __                      ____                         _ _ 
 | | | | ___| | | ___   \ \ / /__  _   _ _ __   __ _|  _ \ ___   ___  _ __   __ _| | |
 | |_| |/ _ \ | |/ _ \   \ V / _ \| | | | '_ \ / _` | |_) / _ \ / _ \| '_ \ / _` | | |
 |  _  |  __/ | | (_) |   | | (_) | |_| | | | | (_| |  __/ (_) | (_) | | | | (_| |_|_|
 |_| |_|\___|_|_|\___/    |_|\___/ \__,_|_| |_|\__, |_|   \___/ \___/|_| |_|\__, (_|_)
                                               |___/                        |___/     
2025-01-28 16:06:06 [INFO] Requested URL : /
2025-01-28 16:06:06 [INFO] x-api-key : YP
2025-01-28 16:06:06 [INFO] req id : 1
2025-01-28 16:06:06 [INFO] req pw : 1111
2025-01-28 16:06:06 [ERROR] [procedure]Error calling stored procedure: ORA-06550: 줄 2, 열17:PLS-00905: EDU01.SP_LOGIN 오브젝트가 부당합니다
ORA-06550: 줄 2, 열17:PL/SQL: Statement ignored
Help: https://docs.oracle.com/error-help/db/ora-06550/
2025-01-28 16:06:06 [INFO] req data : undefined
2025-01-28 16:06:06 [ERROR] Error calling stored procedure: error is not defined
2025-01-28 16:06:41 [INFO] Requested URL : /
2025-01-28 16:06:41 [INFO] x-api-key : YP
2025-01-28 16:06:41 [INFO] req id : 1
2025-01-28 16:06:41 [INFO] req pw : 1111
2025-01-28 16:06:41 [ERROR] [procedure]Error calling stored procedure: ORA-06550: 줄 2, 열17:PLS-00905: EDU01.SP_LOGIN 오브젝트가 부당합니다
ORA-06550: 줄 2, 열17:PL/SQL: Statement ignored
Help: https://docs.oracle.com/error-help/db/ora-06550/
2025-01-28 16:06:41 [INFO] req data : undefined
2025-01-28 16:06:41 [ERROR] Error calling stored procedure: error is not defined
2025-01-28 16:06:43 [INFO] Requested URL : /
2025-01-28 16:06:43 [INFO] x-api-key : YP
2025-01-28 16:06:43 [INFO] req id : 1
2025-01-28 16:06:43 [INFO] req pw : 1111
2025-01-28 16:06:43 [ERROR] [procedure]Error calling stored procedure: ORA-06550: 줄 2, 열17:PLS-00905: EDU01.SP_LOGIN 오브젝트가 부당합니다
ORA-06550: 줄 2, 열17:PL/SQL: Statement ignored
Help: https://docs.oracle.com/error-help/db/ora-06550/
2025-01-28 16:06:43 [INFO] req data : undefined
2025-01-28 16:06:43 [ERROR] Error calling stored procedure: error is not defined
2025-01-28 16:07:08 [INFO] Requested URL : /
2025-01-28 16:07:08 [INFO] x-api-key : YP
2025-01-28 16:07:08 [INFO] req id : 1
2025-01-28 16:07:08 [INFO] req pw : 1111
2025-01-28 16:07:08 [ERROR] [procedure]Error calling stored procedure: ORA-06550: 줄 2, 열17:PLS-00905: EDU01.SP_LOGIN 오브젝트가 부당합니다
ORA-06550: 줄 2, 열17:PL/SQL: Statement ignored
Help: https://docs.oracle.com/error-help/db/ora-06550/
2025-01-28 16:07:08 [INFO] req data : undefined
2025-01-28 16:07:08 [ERROR] Error calling stored procedure: error is not defined
2025-01-28 16:07:16 [INFO] Server is running on port:3000
2025-01-28 16:07:16 [INFO]   _   _      _ _        __   __                      ____                         _ _ 
 | | | | ___| | | ___   \ \ / /__  _   _ _ __   __ _|  _ \ ___   ___  _ __   __ _| | |
 | |_| |/ _ \ | |/ _ \   \ V / _ \| | | | '_ \ / _` | |_) / _ \ / _ \| '_ \ / _` | | |
 |  _  |  __/ | | (_) |   | | (_) | |_| | | | | (_| |  __/ (_) | (_) | | | | (_| |_|_|
 |_| |_|\___|_|_|\___/    |_|\___/ \__,_|_| |_|\__, |_|   \___/ \___/|_| |_|\__, (_|_)
                                               |___/                        |___/     
2025-01-28 16:07:17 [INFO] Requested URL : /
2025-01-28 16:07:17 [INFO] x-api-key : YP
2025-01-28 16:07:17 [INFO] req id : 1
2025-01-28 16:07:17 [INFO] req pw : 1111
2025-01-28 16:07:17 [ERROR] [procedure]Error calling stored procedure: ORA-06550: 줄 2, 열17:PLS-00905: EDU01.SP_LOGIN 오브젝트가 부당합니다
ORA-06550: 줄 2, 열17:PL/SQL: Statement ignored
Help: https://docs.oracle.com/error-help/db/ora-06550/
2025-01-28 16:07:17 [INFO] req data : undefined
2025-01-28 16:08:05 [INFO] Server is running on port:3000
2025-01-28 16:08:05 [INFO]   _   _      _ _        __   __                      ____                         _ _ 
 | | | | ___| | | ___   \ \ / /__  _   _ _ __   __ _|  _ \ ___   ___  _ __   __ _| | |
 | |_| |/ _ \ | |/ _ \   \ V / _ \| | | | '_ \ / _` | |_) / _ \ / _ \| '_ \ / _` | | |
 |  _  |  __/ | | (_) |   | | (_) | |_| | | | | (_| |  __/ (_) | (_) | | | | (_| |_|_|
 |_| |_|\___|_|_|\___/    |_|\___/ \__,_|_| |_|\__, |_|   \___/ \___/|_| |_|\__, (_|_)
                                               |___/                        |___/     
2025-01-28 16:08:07 [INFO] Requested URL : /
2025-01-28 16:08:07 [INFO] x-api-key : YP
2025-01-28 16:08:07 [INFO] req id : 1
2025-01-28 16:08:07 [INFO] req pw : 1111
2025-01-28 16:08:07 [ERROR] [procedure]Error calling stored procedure: ORA-06550: 줄 2, 열17:PLS-00905: EDU01.SP_LOGIN 오브젝트가 부당합니다
ORA-06550: 줄 2, 열17:PL/SQL: Statement ignored
Help: https://docs.oracle.com/error-help/db/ora-06550/
2025-01-28 16:08:07 [INFO] req data : undefined
2025-01-28 16:08:07 [ERROR] [500]Error calling stored procedure: error is not defined
2025-01-28 16:09:49 [INFO] Server is running on port:3000
2025-01-28 16:09:49 [INFO]   _   _      _ _        __   __                      ____                         _ _ 
 | | | | ___| | | ___   \ \ / /__  _   _ _ __   __ _|  _ \ ___   ___  _ __   __ _| | |
 | |_| |/ _ \ | |/ _ \   \ V / _ \| | | | '_ \ / _` | |_) / _ \ / _ \| '_ \ / _` | | |
 |  _  |  __/ | | (_) |   | | (_) | |_| | | | | (_| |  __/ (_) | (_) | | | | (_| |_|_|
 |_| |_|\___|_|_|\___/    |_|\___/ \__,_|_| |_|\__, |_|   \___/ \___/|_| |_|\__, (_|_)
                                               |___/                        |___/     
2025-01-28 16:09:51 [INFO] Requested URL : /
2025-01-28 16:09:51 [INFO] x-api-key : YP
2025-01-28 16:09:51 [INFO] req id : 1
2025-01-28 16:09:51 [INFO] req pw : 1111
2025-01-28 16:09:51 [ERROR] [procedure]Error calling stored procedure: ORA-06550: 줄 2, 열17:PLS-00905: EDU01.SP_LOGIN 오브젝트가 부당합니다
ORA-06550: 줄 2, 열17:PL/SQL: Statement ignored
Help: https://docs.oracle.com/error-help/db/ora-06550/
2025-01-28 16:09:51 [ERROR] [500]Error calling stored procedure: ORA-06550: 줄 2, 열17:PLS-00905: EDU01.SP_LOGIN 오브젝트가 부당합니다
ORA-06550: 줄 2, 열17:PL/SQL: Statement ignored
Help: https://docs.oracle.com/error-help/db/ora-06550/
2025-01-28 16:10:08 [INFO] Server is running on port:3000
2025-01-28 16:10:08 [INFO]   _   _      _ _        __   __                      ____                         _ _ 
 | | | | ___| | | ___   \ \ / /__  _   _ _ __   __ _|  _ \ ___   ___  _ __   __ _| | |
 | |_| |/ _ \ | |/ _ \   \ V / _ \| | | | '_ \ / _` | |_) / _ \ / _ \| '_ \ / _` | | |
 |  _  |  __/ | | (_) |   | | (_) | |_| | | | | (_| |  __/ (_) | (_) | | | | (_| |_|_|
 |_| |_|\___|_|_|\___/    |_|\___/ \__,_|_| |_|\__, |_|   \___/ \___/|_| |_|\__, (_|_)
                                               |___/                        |___/     
2025-01-28 16:10:09 [INFO] Requested URL : /
2025-01-28 16:10:09 [INFO] x-api-key : YP
2025-01-28 16:10:09 [INFO] req id : 1
2025-01-28 16:10:09 [INFO] req pw : 1111
2025-01-28 16:10:09 [ERROR] [500]Error calling stored procedure: ORA-06550: 줄 2, 열17:PLS-00905: EDU01.SP_LOGIN 오브젝트가 부당합니다
ORA-06550: 줄 2, 열17:PL/SQL: Statement ignored
Help: https://docs.oracle.com/error-help/db/ora-06550/
2025-01-28 16:11:13 [INFO] Server is running on port:3000
2025-01-28 16:11:13 [INFO]   _   _      _ _        __   __                      ____                         _ _ 
 | | | | ___| | | ___   \ \ / /__  _   _ _ __   __ _|  _ \ ___   ___  _ __   __ _| | |
 | |_| |/ _ \ | |/ _ \   \ V / _ \| | | | '_ \ / _` | |_) / _ \ / _ \| '_ \ / _` | | |
 |  _  |  __/ | | (_) |   | | (_) | |_| | | | | (_| |  __/ (_) | (_) | | | | (_| |_|_|
 |_| |_|\___|_|_|\___/    |_|\___/ \__,_|_| |_|\__, |_|   \___/ \___/|_| |_|\__, (_|_)
                                               |___/                        |___/     
2025-01-28 16:11:16 [INFO] Requested URL : /
2025-01-28 16:11:16 [INFO] x-api-key : YP
2025-01-28 16:11:16 [INFO] req id : 1
2025-01-28 16:11:16 [INFO] req pw : 1111
2025-01-28 16:11:16 [ERROR] [500]Error calling stored procedure: ORA-06550: 줄 2, 열17:PLS-00905: EDU01.SP_LOGIN 오브젝트가 부당합니다
ORA-06550: 줄 2, 열17:PL/SQL: Statement ignored
Help: https://docs.oracle.com/error-help/db/ora-06550/
2025-01-28 16:11:36 [INFO] Server is running on port:3000
2025-01-28 16:11:36 [INFO]   _   _      _ _        __   __                      ____                         _ _ 
 | | | | ___| | | ___   \ \ / /__  _   _ _ __   __ _|  _ \ ___   ___  _ __   __ _| | |
 | |_| |/ _ \ | |/ _ \   \ V / _ \| | | | '_ \ / _` | |_) / _ \ / _ \| '_ \ / _` | | |
 |  _  |  __/ | | (_) |   | | (_) | |_| | | | | (_| |  __/ (_) | (_) | | | | (_| |_|_|
 |_| |_|\___|_|_|\___/    |_|\___/ \__,_|_| |_|\__, |_|   \___/ \___/|_| |_|\__, (_|_)
                                               |___/                        |___/     
2025-01-28 16:11:38 [INFO] Requested URL : /
2025-01-28 16:11:38 [INFO] x-api-key : YP
2025-01-28 16:11:38 [INFO] req id : 1
2025-01-28 16:11:38 [INFO] req pw : 1111
2025-01-28 16:11:38 [ERROR] [500]Error calling stored procedure: ORA-06550: 줄 2, 열17:PLS-00905: EDU01.SP_LOGIN 오브젝트가 부당합니다
ORA-06550: 줄 2, 열17:PL/SQL: Statement ignored
Help: https://docs.oracle.com/error-help/db/ora-06550/
2025-01-28 16:12:07 [INFO] Server is running on port:3000
2025-01-28 16:12:07 [INFO]   _   _      _ _        __   __                      ____                         _ _ 
 | | | | ___| | | ___   \ \ / /__  _   _ _ __   __ _|  _ \ ___   ___  _ __   __ _| | |
 | |_| |/ _ \ | |/ _ \   \ V / _ \| | | | '_ \ / _` | |_) / _ \ / _ \| '_ \ / _` | | |
 |  _  |  __/ | | (_) |   | | (_) | |_| | | | | (_| |  __/ (_) | (_) | | | | (_| |_|_|
 |_| |_|\___|_|_|\___/    |_|\___/ \__,_|_| |_|\__, |_|   \___/ \___/|_| |_|\__, (_|_)
                                               |___/                        |___/     
2025-01-28 16:12:08 [INFO] Requested URL : /
2025-01-28 16:12:08 [INFO] x-api-key : YP
2025-01-28 16:12:08 [INFO] req id : 1
2025-01-28 16:12:08 [INFO] req pw : 1111
2025-01-28 16:12:08 [ERROR] [500]Error calling stored procedure: ORA-06550: 줄 2, 열17:PLS-00905: EDU01.SP_LOGIN 오브젝트가 부당합니다
ORA-06550: 줄 2, 열17:PL/SQL: Statement ignored
Help: https://docs.oracle.com/error-help/db/ora-06550/
